<?xml version="1.0" encoding="UTF-8"?>
<testng-results skipped="0" failed="0" total="1" passed="1">
  <reporter-output>
  </reporter-output>
  <suite name="Default suite" duration-ms="12855" started-at="2020-02-13T09:37:17Z" finished-at="2020-02-13T09:37:30Z">
    <groups>
    </groups>
    <test name="Default test" duration-ms="12855" started-at="2020-02-13T09:37:17Z" finished-at="2020-02-13T09:37:30Z">
      <class name="qbrainx.log4j.report.LoginExecution">
        <test-method status="PASS" signature="beforeExecution()[pri:0, instance:qbrainx.log4j.report.LoginExecution@4c15e7fd]" name="beforeExecution" is-config="true" duration-ms="12091" started-at="2020-02-13T15:07:17Z" finished-at="2020-02-13T15:07:29Z">
          <reporter-output>
          </reporter-output>
        </test-method> <!-- beforeExecution -->
        <test-method status="PASS" signature="testCase1()[pri:0, instance:qbrainx.log4j.report.LoginExecution@4c15e7fd]" name="testCase1" duration-ms="757" started-at="2020-02-13T15:07:29Z" finished-at="2020-02-13T15:07:30Z">
          <reporter-output>
          </reporter-output>
        </test-method> <!-- testCase1 -->
      </class> <!-- qbrainx.log4j.report.LoginExecution -->
    </test> <!-- Default test -->
  </suite> <!-- Default suite -->
</testng-results>
